<?xml version="1.0" encoding="UTF-8"?>
<!-- Generated by org.testng.reporters.JUnitReportReporter -->
<testsuite skipped="0" hostname="DESKTOP-5FCGI5N" name="com.cvlibrary.demo.testsuite.JobSearchTest" tests="6" failures="0" timestamp="2023-06-27T20:48:58 BST" time="297.879" errors="1">
  <testcase name="verifyJobSearchResultUsingDifferentDataSet" time="64.795" classname="com.cvlibrary.demo.testsuite.JobSearchTest"/>
  <system-out>
    <![CDATA[Job Title:Test Analyst
LocationBy.id: location
Distance DropDown MethodBy.id: distance
More Search option Link MethodBy.cssSelector: div.hp-search-more>#toggle-hp-search
salary min30000
salary Max50000
salary type dropdown methodPer annum
Select Job TypePermanent
Result TextBy.cssSelector: h1.search-header__title]]>
  </system-out>
  <testcase name="verifyJobSearchResultUsingDifferentDataSet" time="57.595" classname="com.cvlibrary.demo.testsuite.JobSearchTest"/>
  <system-out>
    <![CDATA[Job Title:Tester
LocationBy.id: location
Distance DropDown MethodBy.id: distance
More Search option Link MethodBy.cssSelector: div.hp-search-more>#toggle-hp-search
salary min30000
salary Max50000
salary type dropdown methodPer annum
Select Job TypePermanent
Result TextBy.cssSelector: h1.search-header__title]]>
  </system-out>
  <testcase name="verifyJobSearchResultUsingDifferentDataSet" time="47.004" classname="com.cvlibrary.demo.testsuite.JobSearchTest"/>
  <system-out>
    <![CDATA[Job Title:Test Engineer
LocationBy.id: location
Distance DropDown MethodBy.id: distance
More Search option Link MethodBy.cssSelector: div.hp-search-more>#toggle-hp-search
salary min30000
salary Max50000
salary type dropdown methodPer annum
Select Job TypePermanent
Result TextBy.cssSelector: h1.search-header__title]]>
  </system-out>
  <testcase name="verifyJobSearchResultUsingDifferentDataSet" time="27.697" classname="com.cvlibrary.demo.testsuite.JobSearchTest">
    <error type="org.openqa.selenium.WebDriverException" message="unknown error: cannot determine loading status
from no such window
  (Session info: chrome=114.0.5735.134)
Build info: version: &#039;4.9.0&#039;, revision: &#039;d7057100a6&#039;
System info: os.name: &#039;Windows 10&#039;, os.arch: &#039;amd64&#039;, os.version: &#039;10.0&#039;, java.version: &#039;1.8.0_121&#039;
Driver info: org.openqa.selenium.chrome.ChromeDriver
Command: [642dc47ec6f58cb2fe2d2e33ab4afe29, findElement {using=css selector, value=h1.search-header__title}]
Capabilities {acceptInsecureCerts: false, browserName: chrome, browserVersion: 114.0.5735.134, chrome: {chromedriverVersion: 114.0.5735.90 (386bc09e8f4f..., userDataDir: C:\Users\punam\AppData\Loca...}, goog:chromeOptions: {debuggerAddress: localhost:61356}, networkConnectionEnabled: false, pageLoadStrategy: normal, platformName: WINDOWS, proxy: Proxy(), se:cdp: ws://localhost:61356/devtoo..., se:cdpVersion: 114.0.5735.134, setWindowRect: true, strictFileInteractability: false, timeouts: {implicit: 0, pageLoad: 300000, script: 30000}, unhandledPromptBehavior: dismiss and notify, webauthn:extension:credBlob: true, webauthn:extension:largeBlob: true, webauthn:extension:minPinLength: true, webauthn:extension:prf: true, webauthn:virtualAuthenticators: true}
Session ID: 642dc47ec6f58cb2fe2d2e33ab4afe29">
      <![CDATA[org.openqa.selenium.WebDriverException: unknown error: cannot determine loading status
from no such window
  (Session info: chrome=114.0.5735.134)
Build info: version: '4.9.0', revision: 'd7057100a6'
System info: os.name: 'Windows 10', os.arch: 'amd64', os.version: '10.0', java.version: '1.8.0_121'
Driver info: org.openqa.selenium.chrome.ChromeDriver
Command: [642dc47ec6f58cb2fe2d2e33ab4afe29, findElement {using=css selector, value=h1.search-header__title}]
Capabilities {acceptInsecureCerts: false, browserName: chrome, browserVersion: 114.0.5735.134, chrome: {chromedriverVersion: 114.0.5735.90 (386bc09e8f4f..., userDataDir: C:\Users\punam\AppData\Loca...}, goog:chromeOptions: {debuggerAddress: localhost:61356}, networkConnectionEnabled: false, pageLoadStrategy: normal, platformName: WINDOWS, proxy: Proxy(), se:cdp: ws://localhost:61356/devtoo..., se:cdpVersion: 114.0.5735.134, setWindowRect: true, strictFileInteractability: false, timeouts: {implicit: 0, pageLoad: 300000, script: 30000}, unhandledPromptBehavior: dismiss and notify, webauthn:extension:credBlob: true, webauthn:extension:largeBlob: true, webauthn:extension:minPinLength: true, webauthn:extension:prf: true, webauthn:virtualAuthenticators: true}
Session ID: 642dc47ec6f58cb2fe2d2e33ab4afe29
at sun.reflect.NativeConstructorAccessorImpl.newInstance0(Native Method)
at sun.reflect.NativeConstructorAccessorImpl.newInstance(NativeConstructorAccessorImpl.java:62)
at sun.reflect.DelegatingConstructorAccessorImpl.newInstance(DelegatingConstructorAccessorImpl.java:45)
at java.lang.reflect.Constructor.newInstance(Constructor.java:423)
at org.openqa.selenium.remote.codec.w3c.W3CHttpResponseCodec.createException(W3CHttpResponseCodec.java:200)
at org.openqa.selenium.remote.codec.w3c.W3CHttpResponseCodec.decode(W3CHttpResponseCodec.java:133)
at org.openqa.selenium.remote.codec.w3c.W3CHttpResponseCodec.decode(W3CHttpResponseCodec.java:53)
at org.openqa.selenium.remote.HttpCommandExecutor.execute(HttpCommandExecutor.java:193)
at org.openqa.selenium.remote.service.DriverCommandExecutor.invokeExecute(DriverCommandExecutor.java:183)
at org.openqa.selenium.remote.service.DriverCommandExecutor.execute(DriverCommandExecutor.java:158)
at org.openqa.selenium.remote.RemoteWebDriver.execute(RemoteWebDriver.java:543)
at org.openqa.selenium.remote.ElementLocation$ElementFinder$2.findElement(ElementLocation.java:162)
at org.openqa.selenium.remote.ElementLocation.findElement(ElementLocation.java:60)
at org.openqa.selenium.remote.RemoteWebDriver.findElement(RemoteWebDriver.java:352)
at org.openqa.selenium.remote.RemoteWebDriver.findElement(RemoteWebDriver.java:344)
at com.cvlibrary.pages.ResultPage.resultText(ResultPage.java:19)
at com.cvlibrary.demo.testsuite.JobSearchTest.verifyJobSearchResultUsingDifferentDataSet(JobSearchTest.java:28)
at sun.reflect.NativeMethodAccessorImpl.invoke0(Native Method)
at sun.reflect.NativeMethodAccessorImpl.invoke(NativeMethodAccessorImpl.java:62)
at sun.reflect.DelegatingMethodAccessorImpl.invoke(DelegatingMethodAccessorImpl.java:43)
at java.lang.reflect.Method.invoke(Method.java:498)
at org.testng.internal.invokers.MethodInvocationHelper.invokeMethod(MethodInvocationHelper.java:135)
at org.testng.internal.invokers.TestInvoker.invokeMethod(TestInvoker.java:673)
at org.testng.internal.invokers.TestInvoker.invokeTestMethod(TestInvoker.java:220)
at org.testng.internal.invokers.MethodRunner.runInSequence(MethodRunner.java:50)
at org.testng.internal.invokers.TestInvoker$MethodInvocationAgent.invoke(TestInvoker.java:945)
at org.testng.internal.invokers.TestInvoker.invokeTestMethods(TestInvoker.java:193)
at org.testng.internal.invokers.TestMethodWorker.invokeTestMethods(TestMethodWorker.java:146)
at org.testng.internal.invokers.TestMethodWorker.run(TestMethodWorker.java:128)
at java.util.ArrayList.forEach(ArrayList.java:1249)
at org.testng.TestRunner.privateRun(TestRunner.java:808)
at org.testng.TestRunner.run(TestRunner.java:603)
at org.testng.SuiteRunner.runTest(SuiteRunner.java:429)
at org.testng.SuiteRunner.runSequentially(SuiteRunner.java:423)
at org.testng.SuiteRunner.privateRun(SuiteRunner.java:383)
at org.testng.SuiteRunner.run(SuiteRunner.java:326)
at org.testng.SuiteRunnerWorker.runSuite(SuiteRunnerWorker.java:52)
at org.testng.SuiteRunnerWorker.run(SuiteRunnerWorker.java:95)
at org.testng.TestNG.runSuitesSequentially(TestNG.java:1249)
at org.testng.TestNG.runSuitesLocally(TestNG.java:1169)
at org.testng.TestNG.runSuites(TestNG.java:1092)
at org.testng.TestNG.run(TestNG.java:1060)
at com.intellij.rt.testng.IDEARemoteTestNG.run(IDEARemoteTestNG.java:66)
at com.intellij.rt.testng.RemoteTestNGStarter.main(RemoteTestNGStarter.java:105)
]]>
    </error>
  </testcase> <!-- verifyJobSearchResultUsingDifferentDataSet -->
  <system-out>
    <![CDATA[Job Title:Automation Tester
LocationBy.id: location
Distance DropDown MethodBy.id: distance
More Search option Link MethodBy.cssSelector: div.hp-search-more>#toggle-hp-search
salary min30000
salary Max50000
salary type dropdown methodPer annum
Select Job TypePermanent
Result TextBy.cssSelector: h1.search-header__title]]>
  </system-out>
  <testcase name="verifyJobSearchResultUsingDifferentDataSet" time="40.804" classname="com.cvlibrary.demo.testsuite.JobSearchTest"/>
  <system-out>
    <![CDATA[Job Title:Software Test Engineer
LocationBy.id: location
Distance DropDown MethodBy.id: distance
More Search option Link MethodBy.cssSelector: div.hp-search-more>#toggle-hp-search
salary min30000
salary Max50000
salary type dropdown methodPer annum
Select Job TypePermanent
Result TextBy.cssSelector: h1.search-header__title]]>
  </system-out>
  <testcase name="verifyJobSearchResultUsingDifferentDataSet" time="59.984" classname="com.cvlibrary.demo.testsuite.JobSearchTest"/>
  <system-out>
    <![CDATA[Job Title:Qa Engineer
LocationBy.id: location
Distance DropDown MethodBy.id: distance
More Search option Link MethodBy.cssSelector: div.hp-search-more>#toggle-hp-search
salary min30000
salary Max50000
salary type dropdown methodPer annum
Select Job TypePermanent
Result TextBy.cssSelector: h1.search-header__title]]>
  </system-out>
</testsuite> <!-- com.cvlibrary.demo.testsuite.JobSearchTest -->
